<?xml version="1.0" encoding="UTF-8"?>
<!-- Generated by org.testng.reporters.JUnitReportReporter -->
<testsuite hostname="SQABOG-TGP2735" name="io.sikusqa.tests.SampleTest" tests="1" failures="0" timestamp="28 Aug 2018 22:12:52 GMT" time="178.422" errors="0">
  <testcase name="testSampleScenarioOfClicking" time="178.422" classname="io.sikusqa.tests.SampleTest"/>
</testsuite> <!-- io.sikusqa.tests.SampleTest -->
