<?xml version="1.0" encoding="UTF-8"?>
<!-- Generated by org.testng.reporters.JUnitReportReporter -->
<testsuite hostname="SQABOG-TGP2735" name="io.sikuappium.tests.SampleTest" tests="1" failures="0" timestamp="22 Aug 2018 19:12:56 GMT" time="168.162" errors="0">
  <testcase name="testSampleScenarioOfClicking" time="168.162" classname="io.sikuappium.tests.SampleTest"/>
</testsuite> <!-- io.sikuappium.tests.SampleTest -->
